1690201146149	geckodriver	INFO	Listening on 127.0.0.1:49655
1690201149204	mozrunner::runner	INFO	Running command: "C:\\Program Files\\Mozilla Firefox\\firefox.exe" "--marionette" "--no-sandbox" "--start-maximized" "--start ... " "--remote-allow-hosts" "localhost" "-no-remote" "-profile" "C:\\Users\\Deepak\\AppData\\Local\\Temp\\rust_mozprofileJ03rp9"
console.error: Enterprise Policies: 
  Unknown policy: QuicAllowed
console.warn: services.settings: Ignoring preference override of remote settings server
console.warn: services.settings: Allow by setting MOZ_REMOTE_SETTINGS_DEVTOOLS=1 in the environment
1690201149899	Marionette	INFO	Marionette enabled
Dynamically enable window occlusion 0
console.error: "Warning: unrecognized command line flag -no-sandbox\n"
console.error: "Warning: unrecognized command line flag -start-fullscreen\n"
console.error: "Warning: unrecognized command line flag -disable-notifications\n"
console.error: "Warning: unrecognized command line flag -disable-extensions\n"
console.error: "Warning: unrecognized command line flag -incognito\n"
console.error: "Warning: unrecognized command line flag -disable-blink-features\n"
1690201150198	Marionette	INFO	Listening on port 49663
Read port: 49663
WebDriver BiDi listening on ws://127.0.0.1:49656
1690201150345	RemoteAgent	WARN	TLS certificate errors will be ignored for this session
DevTools listening on ws://127.0.0.1:49656/devtools/browser/9dd4f0b8-fd44-4443-9c94-681ae0715ec7
1690202056237	geckodriver	INFO	Listening on 127.0.0.1:51194
1690202119704	geckodriver	INFO	Listening on 127.0.0.1:51212
1690202158318	geckodriver	INFO	Listening on 127.0.0.1:51228
1690202289103	geckodriver	INFO	Listening on 127.0.0.1:51254
1690202670549	geckodriver	INFO	Listening on 127.0.0.1:51461
1690202694092	geckodriver	INFO	Listening on 127.0.0.1:51469
1690202730128	geckodriver	INFO	Listening on 127.0.0.1:51480
1690202833550	geckodriver	INFO	Listening on 127.0.0.1:51554
1690202836581	mozrunner::runner	INFO	Running command: "C:/Program Files/Mozilla Firefox/firefox.exe" "--marionette" "--remote-debugging-port" "51555" "--remote-allow-hosts" "localhost" "-no-remote" "-profile" "C:\\Users\\Deepak\\AppData\\Local\\Temp\\rust_mozprofile0JkGvf"
console.error: Enterprise Policies: 
  Unknown policy: QuicAllowed
console.warn: services.settings: Ignoring preference override of remote settings server
console.warn: services.settings: Allow by setting MOZ_REMOTE_SETTINGS_DEVTOOLS=1 in the environment
1690202837551	Marionette	INFO	Marionette enabled
Dynamically enable window occlusion 0
1690202837831	Marionette	INFO	Listening on port 51563
WebDriver BiDi listening on ws://127.0.0.1:51555
Read port: 51563
1690202838350	RemoteAgent	WARN	TLS certificate errors will be ignored for this session
DevTools listening on ws://127.0.0.1:51555/devtools/browser/20336b1f-1f76-4bdd-8241-f8277780ac74
JavaScript error: https://aswpsdkus.com/notify/v1/ua-sdk.min.js, line 1: Error: Notification permission is denied.
JavaScript error: https://www.m88pqn.com/~/static/js/esports/particles.min.js?build=2.67.1.2381.57682d6866309ac4a042ebbe75190aab12ed2dbd-147085, line 9: TypeError: t is null
1690202905912	Marionette	INFO	Stopped listening on port 51563
Dynamically enable window occlusion 1
ng command: "C:/Program Files/Mozilla Firefox/firefox.exe" "--marionette" "--remote-debugging-port" "51660" "--remote-allow-hosts" "localhost" "-no-remote" "-profile" "C:\\Users\\Deepak\\AppData\\Local\\Temp\\rust_mozprofilexVbrQs"
console.error: Enterprise Policies: 
  Unknown policy: QuicAllowed
console.warn: services.settings: Ignoring preference override of remote settings server
console.warn: services.settings: Allow by setting MOZ_REMOTE_SETTINGS_DEVTOOLS=1 in the environment
1690202905193	Marionette	INFO	Marionette enabled
Dynamically enable window occlusion 0
1690202905512	Marionette	INFO	Listening on port 51667
WebDriver BiDi listening on ws://127.0.0.1:51660
Read port: 51667
1690202905893	RemoteAgent	WARN	TLS certificate errors will be ignored for this session
DevTools listening on ws://127.0.0.1:51660/devtools/browser/ea33d837-c3d6-4c08-b91d-ea464d4a8734
JavaScript error: https://aswpsdkus.com/notify/v1/ua-sdk.min.js, line 1: Error: Notification permission is denied.
JavaScript error: https://www.m88pqn.com/~/static/js/esports/particles.min.js?build=2.67.1.2381.57682d6866309ac4a042ebbe75190aab12ed2dbd-147085, line 9: TypeError: t is null
console.warn: LoginRecipes: "Falling back to a synchronous message for: https://www.m88pqn.com."
console.warn: LoginRecipes: "Falling back to a synchronous message for: https://www.m88pqn.com."
JavaScript error: https://www.m88pqn.com/_js/common/graphyte-analytics.js?build=2.67.1.2381.57682d6866309ac4a042ebbe75190aab12ed2dbd-147085, line 1: ReferenceError: require is not defined
JavaScript error: https://aswpsdkus.com/notify/v1/ua-sdk.min.js, line 1: Error: Notification permission is denied.
JavaScript error: https://www.m88pqn.com/_js/header-balance.js?build=2.67.1.2381.57682d6866309ac4a042ebbe75190aab12ed2dbd-147085, line 1: TypeError: t[(t.length - 1)] is undefined
console.warn: LoginRecipes: "Falling back to a synchronous message for: https://cashier2.m88pqn.com."
JavaScript error: https://www.m88pqn.com/_js/lib/mustache.min.js?build=2.67.1.2381.57682d6866309ac4a042ebbe75190aab12ed2dbd-147085, line 1: TypeError: Invalid template! Template should be a "string" but "undefined" was given as the first argument for mustache#render(template, view, partials)
JavaScript error: https://cashier2.m88pqn.com/js/cashierPage/cashier.js?v=xI3cEAVMvuWTK-vLieAsCbiyRT0bzeFVlJui3v6SSy0, line 920: TypeError: node is null
console.warn: services.settings: Ignoring preference override of remote settings server
console.warn: services.settings: Allow by setting MOZ_REMOTE_SETTINGS_DEVTOOLS=1 in the environment
console.error: (new TypeError("lazy.AsyncShutdown.profileBeforeChange is undefined", "resource://services-settings/Database.sys.mjs", 599))
1690202958485	Marionette	WARN	TimedPromise timed out after 500 ms: stacktrace:
TimedPromise/<@chrome://remote/content/marionette/sync.sys.mjs:221:24
TimedPromise@chrome://remote/content/marionette/sync.sys.mjs:205:10
interaction.flushEventLoop@chrome://remote/content/marionette/interaction.sys.mjs:431:10
webdriverClickElement@chrome://remote/content/marionette/interaction.sys.mjs:180:31
console.error: ({})
1690203071714	geckodriver	INFO	Listening on 127.0.0.1:51835
1690203074757	mozrunner::runner	INFO	Running command: "C:/Program Files/Mozilla Firefox/firefox.exe" "--marionette" "--remote-debugging-port" "51836" "--remote-allow-hosts" "localhost" "-no-remote" "-profile" "C:\\Users\\Deepak\\AppData\\Local\\Temp\\rust_mozprofileSAmXAA"
console.error: Enterprise Policies: 
  Unknown policy: QuicAllowed
console.warn: services.settings: Ignoring preference override of remote settings server
console.warn: services.settings: Allow by setting MOZ_REMOTE_SETTINGS_DEVTOOLS=1 in the environment
1690203075376	Marionette	INFO	Marionette enabled
Dynamically enable window occlusion 0
1690203075626	Marionette	INFO	Listening on port 51843
WebDriver BiDi listening on ws://127.0.0.1:51836
Read port: 51843
1690203075752	RemoteAgent	WARN	TLS certificate errors will be ignored for this session
DevTools listening on ws://127.0.0.1:51836/devtools/browser/6c005cfe-3515-4f23-94e3-84808bc3f0f0
JavaScript error: https://aswpsdkus.com/notify/v1/ua-sdk.min.js, line 1: Error: Notification permission is denied.
JavaScript error: https://www.m88pqn.com/~/static/js/esports/particles.min.js?build=2.67.1.2381.57682d6866309ac4a042ebbe75190aab12ed2dbd-147085, line 9: TypeError: t is null
console.warn: LoginRecipes: "Falling back to a synchronous message for: https://www.m88pqn.com."
console.warn: LoginRecipes: "Falling back to a synchronous message for: https://www.m88pqn.com."
JavaScript error: https://www.m88pqn.com/_js/common/graphyte-analytics.js?build=2.67.1.2381.57682d6866309ac4a042ebbe75190aab12ed2dbd-147085, line 1: ReferenceError: require is not defined
JavaScript error: https://aswpsdkus.com/notify/v1/ua-sdk.min.js, line 1: Error: Notification permission is denied.
JavaScript error: https://www.m88pqn.com/_js/header-balance.js?build=2.67.1.2381.57682d6866309ac4a042ebbe75190aab12ed2dbd-147085, line 1: TypeError: t[(t.length - 1)] is undefined
JavaScript error: https://www.m88pqn.com/_js/lib/mustache.min.js?build=2.67.1.2381.57682d6866309ac4a042ebbe75190aab12ed2dbd-147085, line 1: TypeError: Invalid template! Template should be a "string" but "undefined" was given as the first argument for mustache#render(template, view, partials)
console.warn: LoginRecipes: "Falling back to a synchronous message for: https://cashier2.m88pqn.com."
JavaScript error: https://cashier2.m88pqn.com/js/cashierPage/cashier.js?v=xI3cEAVMvuWTK-vLieAsCbiyRT0bzeFVlJui3v6SSy0, line 920: TypeError: node is null
console.warn: services.settings: Ignoring preference override of remote settings server
console.warn: services.settings: Allow by setting MOZ_REMOTE_SETTINGS_DEVTOOLS=1 in the environment
console.error: (new TypeError("lazy.AsyncShutdown.profileBeforeChange is undefined", "resource://services-settings/Database.sys.mjs", 599))
1690203190373	Marionette	WARN	TimedPromise timed out after 500 ms: stacktrace:
TimedPromise/<@chrome://remote/content/marionette/sync.sys.mjs:221:24
TimedPromise@chrome://remote/content/marionette/sync.sys.mjs:205:10
interaction.flushEventLoop@chrome://remote/content/marionette/interaction.sys.mjs:431:10
webdriverClickElement@chrome://remote/content/marionette/interaction.sys.mjs:180:31
console.error: ({})
